"/Users/shengdaolin_sh/Library/Application Support/JetBrains/Toolbox/apps/CLion/ch-0/213.6461.75/CLion.app/Contents/bin/cmake/mac/bin/cmake" -DCMAKE_BUILD_TYPE=Debug -G "CodeBlocks - Unix Makefiles" "/Users/shengdaolin_sh/dir_developer/workspaces/pycharm/meta-project-learning_mooc_courses/coursera/Coding for Everyone-C and C++"
-- The C compiler identification is AppleClang 13.0.0.13000029
-- The CXX compiler identification is AppleClang 13.0.0.13000029
-- Detecting C compiler ABI info
-- Detecting C compiler ABI info - failed
-- Check for working C compiler: /Library/Developer/CommandLineTools/usr/bin/cc
-- Check for working C compiler: /Library/Developer/CommandLineTools/usr/bin/cc - broken
CMake Error at /Users/shengdaolin_sh/Library/Application Support/JetBrains/Toolbox/apps/CLion/ch-0/213.6461.75/CLion.app/Contents/bin/cmake/mac/share/cmake-3.21/Modules/CMakeTestCCompiler.cmake:69 (message):
  The C compiler

    "/Library/Developer/CommandLineTools/usr/bin/cc"

  is not able to compile a simple test program.

  It fails with the following output:

    Change Dir: /Users/shengdaolin_sh/dir_developer/workspaces/pycharm/meta-project-learning_mooc_courses/coursera/Coding for Everyone-C and C++/cmake-build-debug/CMakeFiles/CMakeTmp
    
    Run Build Command(s):/usr/bin/make -f Makefile cmTC_70e1f/fast && /Library/Developer/CommandLineTools/usr/bin/make  -f CMakeFiles/cmTC_70e1f.dir/build.make CMakeFiles/cmTC_70e1f.dir/build
    Building C object CMakeFiles/cmTC_70e1f.dir/testCCompiler.c.o
    /Library/Developer/CommandLineTools/usr/bin/cc   -isysroot /Library/Developer/CommandLineTools/SDKs/MacOSX12.0.sdk -MD -MT CMakeFiles/cmTC_70e1f.dir/testCCompiler.c.o -MF CMakeFiles/cmTC_70e1f.dir/testCCompiler.c.o.d -o CMakeFiles/cmTC_70e1f.dir/testCCompiler.c.o -c "/Users/shengdaolin_sh/dir_developer/workspaces/pycharm/meta-project-learning_mooc_courses/coursera/Coding for Everyone-C and C++/cmake-build-debug/CMakeFiles/CMakeTmp/testCCompiler.c"
    Linking C executable cmTC_70e1f
    "/Users/shengdaolin_sh/Library/Application Support/JetBrains/Toolbox/apps/CLion/ch-0/213.6461.75/CLion.app/Contents/bin/cmake/mac/bin/cmake" -E cmake_link_script CMakeFiles/cmTC_70e1f.dir/link.txt --verbose=1
    /Library/Developer/CommandLineTools/usr/bin/cc  -isysroot /Library/Developer/CommandLineTools/SDKs/MacOSX12.0.sdk -Wl,-search_paths_first -Wl,-headerpad_max_install_names CMakeFiles/cmTC_70e1f.dir/testCCompiler.c.o -o cmTC_70e1f 
    ld: library not found for -lSystem
    clang: error: linker command failed with exit code 1 (use -v to see invocation)
    make[1]: *** [cmTC_70e1f] Error 1
    make: *** [cmTC_70e1f/fast] Error 2
    
    

  

  CMake will not be able to correctly generate this project.
Call Stack (most recent call first):
  CMakeLists.txt:2 (project)


-- Configuring incomplete, errors occurred!
See also "/Users/shengdaolin_sh/dir_developer/workspaces/pycharm/meta-project-learning_mooc_courses/coursera/Coding for Everyone-C and C++/cmake-build-debug/CMakeFiles/CMakeOutput.log".
See also "/Users/shengdaolin_sh/dir_developer/workspaces/pycharm/meta-project-learning_mooc_courses/coursera/Coding for Everyone-C and C++/cmake-build-debug/CMakeFiles/CMakeError.log".
